<?xml version="1.0" encoding="UTF-8"?>
<!-- Generated by org.testng.reporters.JUnitXMLReporter -->
<testsuite hostname="Dinesh-PC" ignored="0" name="me" tests="3" failures="1" timestamp="28 Sep 2018 22:19:43 GMT" time="26.769" errors="0">
  <testcase name="testA" time="3.272" classname="script.TestDemo">
    <failure type="java.lang.AssertionError" message="null">
      <![CDATA[java.lang.AssertionError: null
at script.TestDemo.testA(TestDemo.java:22)
... Removed 27 stack frames]]>
    </failure>
  </testcase> <!-- testA -->
  <testcase name="test2" time="0.003" classname="script.TestDemo2"/>
  <testcase name="login" time="0.596" classname="script.TestLogin"/>
</testsuite> <!-- me -->
