<?xml version="1.0" encoding="UTF-8"?>
<!-- Generated by org.testng.reporters.JUnitXMLReporter -->
<testsuite hostname="Dinesh-PC" ignored="0" name="Test" tests="2" failures="1" timestamp="28 Sep 2018 08:13:11 GMT" time="11.4" errors="0">
  <testcase name="testA" time="2.7" classname="script.TestDemo">
    <failure type="java.lang.AssertionError" message="null">
      <![CDATA[java.lang.AssertionError: null
at script.TestDemo.testA(TestDemo.java:22)
... Removed 27 stack frames]]>
    </failure>
  </testcase> <!-- testA -->
  <testcase name="test2" time="0.003" classname="script.TestDemo2"/>
</testsuite> <!-- Test -->
