<?xml version="1.0" encoding="UTF-8"?>
<testng-results skipped="0" failed="0" ignored="0" total="1" passed="1">
  <reporter-output>
    <line>
      <![CDATA[test]]>
    </line>
  </reporter-output>
  <suite name="Default suite" duration-ms="79" started-at="2018-09-24T09:05:18Z" finished-at="2018-09-24T09:05:18Z">
    <groups>
    </groups>
    <test name="Default test" duration-ms="79" started-at="2018-09-24T09:05:18Z" finished-at="2018-09-24T09:05:18Z">
      <class name="qsp.B">
        <test-method status="PASS" signature="test()[pri:0, instance:qsp.B@61832929]" name="test" duration-ms="23" started-at="2018-09-24T09:05:18Z" finished-at="2018-09-24T09:05:18Z">
          <reporter-output>
            <line>
              <![CDATA[test]]>
            </line>
          </reporter-output>
        </test-method> <!-- test -->
      </class> <!-- qsp.B -->
    </test> <!-- Default test -->
  </suite> <!-- Default suite -->
</testng-results>
