<?xml version="1.0" encoding="UTF-8"?>
<testng-results skipped="0" failed="0" ignored="0" total="1" passed="1">
  <reporter-output>
  </reporter-output>
  <suite name="Default suite" duration-ms="20434" started-at="2018-11-23T17:10:26Z" finished-at="2018-11-23T17:10:46Z">
    <groups>
    </groups>
    <test name="Default test" duration-ms="20434" started-at="2018-11-23T17:10:26Z" finished-at="2018-11-23T17:10:46Z">
      <class name="ty01.Craftsvilla_Sarees">
        <test-method status="PASS" signature="test2()[pri:0, instance:ty01.Craftsvilla_Sarees@7a1ebcd8]" name="test2" duration-ms="20406" started-at="2018-11-23T17:10:26Z" finished-at="2018-11-23T17:10:46Z">
          <reporter-output>
          </reporter-output>
        </test-method> <!-- test2 -->
      </class> <!-- ty01.Craftsvilla_Sarees -->
    </test> <!-- Default test -->
  </suite> <!-- Default suite -->
</testng-results>
